<?xml version="1.0" encoding="UTF-8"?>
<!-- Generated by org.testng.reporters.JUnitXMLReporter -->
<testsuite hostname="ICPL12499" name="Surefire test" tests="1" failures="1" timestamp="27 Jun 2019 09:55:13 GMT" time="51.423" errors="0">
  <testcase name="feature" time="50.879" classname="RunnerClass.runTest">
    <failure type="cucumber.runtime.CucumberException" message="junit.framework.ComparisonFailure: expected:&amp;lt;[abc]&amp;gt; but was:&amp;lt;[def]&amp;gt;">
      <![CDATA[cucumber.runtime.CucumberException: junit.framework.ComparisonFailure: expected:<[abc]> but was:<[def]>
	at cucumber.api.testng.TestNGCucumberRunner.runCucumber(TestNGCucumberRunner.java:69)
	at cucumber.api.testng.AbstractTestNGCucumberTests.feature(AbstractTestNGCucumberTests.java:21)
Caused by: junit.framework.ComparisonFailure: expected:<[abc]> but was:<[def]>
	at junit.framework.Assert.assertEquals(Assert.java:100)
	at junit.framework.Assert.assertEquals(Assert.java:107)
	at Tests.LoginTest.checkFail(LoginTest.java:90)
	at âœ½.Then Login should fail(outline.feature:11)
... Removed 28 stack frames]]>
    </failure>
  </testcase> <!-- feature -->
</testsuite> <!-- Surefire test -->
