<?xml version="1.0" encoding="UTF-8"?>
<!-- Generated by org.testng.reporters.JUnitXMLReporter -->
<testsuite hostname="ICPL12499" name="Test" tests="1" failures="1" timestamp="26 Jun 2019 15:43:49 GMT" time="69.291" errors="0">
  <testcase name="feature" time="68.171" classname="RunnerClass.runTest">
    <failure type="cucumber.runtime.CucumberException" message="junit.framework.ComparisonFailure: expected:&amp;lt;[abc]&amp;gt; but was:&amp;lt;[def]&amp;gt;">
      <![CDATA[cucumber.runtime.CucumberException: junit.framework.ComparisonFailure: expected:<[abc]> but was:<[def]>
	at cucumber.api.testng.TestNGCucumberRunner.runCucumber(TestNGCucumberRunner.java:69)
	at cucumber.api.testng.AbstractTestNGCucumberTests.feature(AbstractTestNGCucumberTests.java:21)
Caused by: junit.framework.ComparisonFailure: expected:<[abc]> but was:<[def]>
	at junit.framework.Assert.assertEquals(Assert.java:85)
	at junit.framework.Assert.assertEquals(Assert.java:91)
	at Tests.LoginTest.checkFail(LoginTest.java:90)
	at âœ½.Then Login should fail(outline.feature:11)
... Removed 24 stack frames]]>
    </failure>
  </testcase> <!-- feature -->
</testsuite> <!-- Test -->
