<?xml version="1.0" encoding="UTF-8"?>
<testsuite xmlns:xsi="http://www.w3.org/2001/XMLSchema-instance" xsi:schemaLocation="https://maven.apache.org/surefire/maven-surefire-plugin/xsd/surefire-test-report.xsd" name="TestSuite" time="52.409" tests="1" errors="0" skipped="0" failures="1">
  <properties>
    <property name="java.runtime.name" value="Java(TM) SE Runtime Environment"/>
    <property name="sun.boot.library.path" value="C:\Program Files\Java\jdk1.8.0_181\jre\bin"/>
    <property name="java.vm.version" value="25.181-b13"/>
    <property name="java.vm.vendor" value="Oracle Corporation"/>
    <property name="maven.multiModuleProjectDirectory" value="C:\Users\kritika.dwivedi\eclipse-workspace\CucumberTest"/>
    <property name="java.vendor.url" value="http://java.oracle.com/"/>
    <property name="path.separator" value=";"/>
    <property name="guice.disable.misplaced.annotation.check" value="true"/>
    <property name="java.vm.name" value="Java HotSpot(TM) 64-Bit Server VM"/>
    <property name="file.encoding.pkg" value="sun.io"/>
    <property name="user.script" value=""/>
    <property name="user.country" value="US"/>
    <property name="sun.java.launcher" value="SUN_STANDARD"/>
    <property name="sun.os.patch.level" value=""/>
    <property name="java.vm.specification.name" value="Java Virtual Machine Specification"/>
    <property name="user.dir" value="C:\Users\kritika.dwivedi\eclipse-workspace\CucumberTest"/>
    <property name="java.runtime.version" value="1.8.0_181-b13"/>
    <property name="java.awt.graphicsenv" value="sun.awt.Win32GraphicsEnvironment"/>
    <property name="java.endorsed.dirs" value="C:\Program Files\Java\jdk1.8.0_181\jre\lib\endorsed"/>
    <property name="os.arch" value="amd64"/>
    <property name="java.io.tmpdir" value="C:\Users\KRITIK~1.DWI\AppData\Local\Temp\"/>
    <property name="line.separator" value="&#10;"/>
    <property name="java.vm.specification.vendor" value="Oracle Corporation"/>
    <property name="user.variant" value=""/>
    <property name="os.name" value="Windows 10"/>
    <property name="classworlds.conf" value="C:\Users\kritika.dwivedi\eclipse-workspace\.metadata\.plugins\org.eclipse.m2e.launching\launches\m2conf7449370182136738265.tmp"/>
    <property name="sun.jnu.encoding" value="Cp1252"/>
    <property name="java.library.path" value="C:\Program Files\Java\jdk1.8.0_181\bin;C:\windows\Sun\Java\bin;C:\windows\system32;C:\windows;C:/Program Files/Java/jre1.8.0_181/bin/server;C:/Program Files/Java/jre1.8.0_181/bin;C:/Program Files/Java/jre1.8.0_181/lib/amd64;C:\Program Files (x86)\Common Files\Oracle\Java\javapath;C:\windows\system32;C:\windows;C:\windows\System32\Wbem;C:\windows\System32\WindowsPowerShell\v1.0\;C:\windows\System32\OpenSSH\;C:\Program Files\Java\jdk1.8.0_181\bin;C:\Program Files\Git\cmd;C:\Program Files\TortoiseGit\bin;C:\Users\kritika.dwivedi\AppData\Local\Android\android-sdk\tools;C:\Users\kritika.dwivedi\AppData\Local\Android\android-sdk\platform-tools;C:\Users\kritika.dwivedi\webhook-listener;C:\Program Files\Apache\apache-maven-3.5.4\bin;C:\gradle\gradle-4.10\bin;C:\Program Files\nodejs\;C:\Users\kritika.dwivedi\AppData\Local\Programs\Python\Python37-32\Scripts\;C:\Users\kritika.dwivedi\AppData\Local\Programs\Python\Python37-32\;C:\Users\kritika.dwivedi\AppData\Local\Microsoft\WindowsApps;C:\Users\kritika.dwivedi\Downloads\Appium\sdk-tools-windows-4333796\tools\bin;C:\Users\kritika.dwivedi\AppData\Roaming\npm;C:\Users\kritika.dwivedi\AppData\Local\Programs\Microsoft VS Code\bin;C:\windows\system32;;."/>
    <property name="java.specification.name" value="Java Platform API Specification"/>
    <property name="java.class.version" value="52.0"/>
    <property name="sun.management.compiler" value="HotSpot 64-Bit Tiered Compilers"/>
    <property name="os.version" value="10.0"/>
    <property name="user.home" value="C:\Users\kritika.dwivedi"/>
    <property name="user.timezone" value="Asia/Calcutta"/>
    <property name="java.awt.printerjob" value="sun.awt.windows.WPrinterJob"/>
    <property name="java.specification.version" value="1.8"/>
    <property name="file.encoding" value="Cp1252"/>
    <property name="user.name" value="Kritika.Dwivedi"/>
    <property name="java.class.path" value="C:\Users\kritika.dwivedi\.p2\pool\plugins\org.eclipse.m2e.maven.runtime_1.8.3.20180227-2135\jars\plexus-classworlds-2.5.2.jar"/>
    <property name="java.vm.specification.version" value="1.8"/>
    <property name="sun.arch.data.model" value="64"/>
    <property name="java.home" value="C:\Program Files\Java\jdk1.8.0_181\jre"/>
    <property name="sun.java.command" value="org.codehaus.plexus.classworlds.launcher.Launcher -B test"/>
    <property name="java.specification.vendor" value="Oracle Corporation"/>
    <property name="user.language" value="en"/>
    <property name="awt.toolkit" value="sun.awt.windows.WToolkit"/>
    <property name="java.vm.info" value="mixed mode"/>
    <property name="java.version" value="1.8.0_181"/>
    <property name="java.ext.dirs" value="C:\Program Files\Java\jdk1.8.0_181\jre\lib\ext;C:\windows\Sun\Java\lib\ext"/>
    <property name="sun.boot.class.path" value="C:\Program Files\Java\jdk1.8.0_181\jre\lib\resources.jar;C:\Program Files\Java\jdk1.8.0_181\jre\lib\rt.jar;C:\Program Files\Java\jdk1.8.0_181\jre\lib\sunrsasign.jar;C:\Program Files\Java\jdk1.8.0_181\jre\lib\jsse.jar;C:\Program Files\Java\jdk1.8.0_181\jre\lib\jce.jar;C:\Program Files\Java\jdk1.8.0_181\jre\lib\charsets.jar;C:\Program Files\Java\jdk1.8.0_181\jre\lib\jfr.jar;C:\Program Files\Java\jdk1.8.0_181\jre\classes"/>
    <property name="java.vendor" value="Oracle Corporation"/>
    <property name="maven.home" value="C:\Users\kritika.dwivedi\eclipse-workspace\CucumberTest\EMBEDDED"/>
    <property name="file.separator" value="\"/>
    <property name="java.vendor.url.bug" value="http://bugreport.sun.com/bugreport/"/>
    <property name="sun.cpu.endian" value="little"/>
    <property name="sun.io.unicode.encoding" value="UnicodeLittle"/>
    <property name="sun.desktop" value="windows"/>
    <property name="sun.cpu.isalist" value="amd64"/>
  </properties>
  <testcase name="feature" classname="RunnerClass.runTest" time="50.902">
    <failure message="junit.framework.ComparisonFailure: expected:&lt;[abc]&gt; but was:&lt;[def]&gt;" type="cucumber.runtime.CucumberException"><![CDATA[cucumber.runtime.CucumberException: junit.framework.ComparisonFailure: expected:<[abc]> but was:<[def]>
Caused by: junit.framework.ComparisonFailure: expected:<[abc]> but was:<[def]>
]]></failure>
    <system-out><![CDATA[Feature: Amazon login scenarios

  #This is how background can be used to eliminate duplicate steps
  Background: User navigates to Amazon # outline.feature:4
    Given I am on Amazon login page    # LoginTest.goToAmazon()
Users
4

user id : 1
UserName : Tom1
Password : Jerry1

user id : 2
UserName : Tom2
Password : Jerry2

user id : 3
UserName : Tom3
Password : Jerry3

user id : 4
UserName : Tom4
Password : Jerry4
[[Tom1, Jerry1], [Tom2, Jerry2], [Tom3, Jerry3], [Tom4, Jerry4]]
[[Tom1, Jerry1], [Tom2, Jerry2], [Tom3, Jerry3], [Tom4, Jerry4]]
Tom1
Jerry1
Tom2
Jerry2
Tom3
Jerry3
Tom4
Jerry4
Test1 Failed

  #Scenario with xml data
  Scenario:                                                               # outline.feature:9
    When I enter Username and Password from file at "resources\\data.xml" # LoginTest.enterUserPwd(String)
    Then Login should fail                                                # LoginTest.checkFail()
      junit.framework.ComparisonFailure: expected:<[abc]> but was:<[def]>
      	at junit.framework.Assert.assertEquals(Assert.java:100)
      	at junit.framework.Assert.assertEquals(Assert.java:107)
      	at Tests.LoginTest.checkFail(LoginTest.java:90)
      	at ?.Then Login should fail(outline.feature:11)


  #This is how background can be used to eliminate duplicate steps
  Background: User navigates to Amazon # outline.feature:4
    Given I am on Amazon login page    # LoginTest.goToAmazon()
Test1 Failed

  #Scenario with data table
  Scenario:                # outline.feature:38
    When I enter username  # LoginTest.I_enter_username(DataTable)
    And I enter password   # LoginTest.I_enter_password(DataTable)
    Then Login should fail # LoginTest.checkFail()
      junit.framework.ComparisonFailure: expected:<[abc]> but was:<[def]>
      	at junit.framework.Assert.assertEquals(Assert.java:100)
      	at junit.framework.Assert.assertEquals(Assert.java:107)
      	at Tests.LoginTest.checkFail(LoginTest.java:90)
      	at ?.Then Login should fail(outline.feature:45)

]]></system-out>
    <system-err><![CDATA[Starting ChromeDriver 2.46.628402 (536cd7adbad73a3783fdc2cab92ab2ba7ec361e1) on port 34187
Only local connections are allowed.
Please protect ports used by ChromeDriver and related test frameworks to prevent access by malicious code.
Jun 27, 2019 3:24:28 PM org.openqa.selenium.remote.ProtocolHandshake createSession
INFO: Detected dialect: OSS
Starting ChromeDriver 2.46.628402 (536cd7adbad73a3783fdc2cab92ab2ba7ec361e1) on port 22396
Only local connections are allowed.
Please protect ports used by ChromeDriver and related test frameworks to prevent access by malicious code.
Jun 27, 2019 3:24:58 PM org.openqa.selenium.remote.ProtocolHandshake createSession
INFO: Detected dialect: OSS
]]></system-err>
  </testcase>
</testsuite>